<?xml version="1.0" encoding="UTF-8"?>
<testng-results ignored="0" total="1" passed="1" failed="0" skipped="0">
  <reporter-output>
  </reporter-output>
  <suite started-at="2022-07-20T14:46:53 IST" name="Default suite" finished-at="2022-07-20T14:46:53 IST" duration-ms="68">
    <groups>
    </groups>
    <test started-at="2022-07-20T14:46:53 IST" name="Default test" finished-at="2022-07-20T14:46:53 IST" duration-ms="68">
      <class name="test.com.TestNg">
        <test-method signature="sam()[pri:0, instance:test.com.TestNg@4a7f959b]" started-at="2022-07-20T14:46:53 IST" name="sam" finished-at="2022-07-20T14:46:53 IST" duration-ms="9" status="PASS">
          <reporter-output>
          </reporter-output>
        </test-method> <!-- sam -->
      </class> <!-- test.com.TestNg -->
    </test> <!-- Default test -->
  </suite> <!-- Default suite -->
</testng-results>
